2018-05-07T17:54:19.398481 > [ {"content": "040160027", "request_type": "door_clearance", "id": "1GKT8Y27"}, {"status": "OK", "content": "Enes Demirag", "id": "1GKT8Y27", "result": true} ]
2018-05-07T17:54:20.468102 > [ {"content": "040160450", "request_type": "door_clearance", "id": "JP2780R0"}, {"status": "OK", "content": "Ege Saygili", "id": "JP2780R0", "result": false} ]
2018-05-07T17:54:21.757009 > [ {"content": "040160450", "request_type": "door_clearance", "id": "Q4HWAAEG"}, {"status": "OK", "content": "Ege Saygili", "id": "Q4HWAAEG", "result": false} ]
2018-05-07T17:54:24.013139 > [ {"content": "040160427", "request_type": "door_clearance", "id": "8GDQT8S0"}, {"status": "OK", "content": "Sencer Yazici", "id": "8GDQT8S0", "result": true} ]
2018-05-07T17:54:29.491946 > [ {"content": "04016023", "request_type": "door_clearance", "id": "RRDODDUD"}, {"status": "ERROR", "content": "User Not Found", "id": "RRDODDUD", "result": false} ]
2018-05-07T22:48:50.998139 > [ {"content": "040160427", "request_type": "door_clearance", "id": "RJAKJ32X"}, {"status": "OK", "content": "Sencer Yazici", "id": "RJAKJ32X", "result": true} ]
2018-05-07T22:48:53.755809 > [ {"content": "040160427", "request_type": "door_clearance", "id": "WE5ELHS0"}, {"status": "OK", "content": "Sencer Yazici", "id": "WE5ELHS0", "result": true} ]
2018-05-07T22:49:32.756131 > [ {"content": "040160027", "request_type": "door_clearance", "id": "CCUIESYQ"}, {"status": "OK", "content": "Enes Demirag", "id": "CCUIESYQ", "result": true} ]
2018-05-07T22:49:41.367223 > [ {"content": "040160023", "request_type": "door_clearance", "id": "CJPIOP34"}, {"status": "ERROR", "content": "User Not Found", "id": "CJPIOP34", "result": false} ]
2018-05-09T09:34:04.795155 > [ {"content": "040160427", "request_type": "door_clearance", "id": "04Y63SV0"}, {"status": "OK", "content": "Sencer Yazici", "id": "04Y63SV0", "result": true} ]
2018-05-09T09:34:09.865972 > [ {"content": "040160027", "request_type": "door_clearance", "id": "C8Q1GS83"}, {"status": "OK", "content": "Enes Demirag", "id": "C8Q1GS83", "result": true} ]
2018-05-09T09:34:11.377985 > [ {"content": "040160027", "request_type": "door_clearance", "id": "BXFXW6ON"}, {"status": "OK", "content": "Enes Demirag", "id": "BXFXW6ON", "result": true} ]
2018-05-09T09:34:13.065162 > [ {"content": "040160021", "request_type": "door_clearance", "id": "DMS64EKD"}, {"status": "ERROR", "content": "User Not Found", "id": "DMS64EKD", "result": false} ]
2018-05-10T14:52:21.231607 > [ {"content": "040160427", "request_type": "door_clearance", "id": "9425VJE9"}, {"status": "OK", "content": "Sencer Yazici", "id": "9425VJE9", "result": true} ]
2018-05-10T14:52:29.982868 > [ {"content": "040160027", "request_type": "door_clearance", "id": "T7TQX6X9"}, {"status": "OK", "content": "Enes Demirag", "id": "T7TQX6X9", "result": true} ]
2018-05-10T14:52:34.100391 > [ {"content": "040160250", "request_type": "door_clearance", "id": "4SRG41F2"}, {"status": "ERROR", "content": "User Not Found", "id": "4SRG41F2", "result": false} ]
2018-05-17T11:27:39.359142 > [ {"clearance": true, "id": "QTR34BC"}, {"content": "Sencer Yazici", "id": "QTR34BC", "result": true} ]
2018-05-17T11:28:19.675113 > [ {"clearance": true, "id": "QTR34BC"}, {"content": "Sencer Yazici", "id": "QTR34BC", "result": true} ]
2018-05-17T11:28:37.743419 > [ {"clearance": true, "id": "QTR34BC"}, {"content": "Sencer Yazici", "id": "QTR34BC", "result": true} ]
2018-05-17T11:32:27.844995 > [ {"clearance": true, "id": "9MK144OV"}, {"content": "Sencer Yazici", "id": "9MK144OV", "result": true} ]
2018-05-17T11:32:57.617118 > [ {"clearance": true, "id": "VEOTJ12B"}, {"content": "Sencer Yazici", "id": "VEOTJ12B", "result": true} ]
2018-05-17T11:35:59.564822 > [ {"clearance": true, "id": "CRX51B95"}, {"content": "Sencer Yazici", "id": "CRX51B95", "result": true} ]
2018-05-17T11:37:02.548186 > [ {"clearance": false, "id": "A6MDIBYW"}, {"content": "Sencer Yazici", "id": "A6MDIBYW", "result": false} ]
2018-05-17T11:38:23.040389 > [ {"clearance": true, "id": "34053FXQ"}, {"content": "Sencer Yazici", "id": "34053FXQ", "result": true} ]
